/home/warlock/56wlk/wuliu/wuliu/pipelines.py:79: Warning: Data truncated for column 'phone_contact' at row 1
  tx.execute(sql)
/home/warlock/56wlk/wuliu/wuliu/pipelines.py:79: Warning: Data truncated for column 'addr' at row 1
  tx.execute(sql)
/home/warlock/56wlk/wuliu/wuliu/pipelines.py:79: Warning: Data truncated for column 'tel' at row 1
  tx.execute(sql)
/home/warlock/56wlk/wuliu/wuliu/pipelines.py:79: Warning: Data truncated for column 'contact_name' at row 1
  tx.execute(sql)
/home/warlock/56wlk/wuliu/wuliu/pipelines.py:79: Warning: Data truncated for column 'company_name' at row 1
  tx.execute(sql)
/home/warlock/56wlk/wuliu/wuliu/pipelines.py:79: Warning: Data truncated for column 'im' at row 1
  tx.execute(sql)
/home/warlock/56wlk/wuliu/wuliu/pipelines.py:79: Warning: Data truncated for column 'addr' at row 1
  tx.execute(sql)
/home/warlock/56wlk/wuliu/wuliu/pipelines.py:79: Warning: Data truncated for column 'im' at row 1
  tx.execute(sql)
/home/warlock/56wlk/wuliu/wuliu/pipelines.py:79: Warning: Data truncated for column 'phone_contact' at row 1
  tx.execute(sql)
/home/warlock/56wlk/wuliu/wuliu/pipelines.py:79: Warning: Data truncated for column 'contact_name' at row 1
  tx.execute(sql)
/home/warlock/56wlk/wuliu/wuliu/pipelines.py:79: Warning: Data truncated for column 'company_name' at row 1
  tx.execute(sql)
/home/warlock/56wlk/wuliu/wuliu/pipelines.py:79: Warning: Data truncated for column 'tel' at row 1
  tx.execute(sql)
/home/warlock/56wlk/wuliu/wuliu/pipelines.py:79: Warning: Data truncated for column 'phone_contact' at row 1
  tx.execute(sql)
/home/warlock/56wlk/wuliu/wuliu/pipelines.py:79: Warning: Data truncated for column 'tel' at row 1
  tx.execute(sql)
/home/warlock/56wlk/wuliu/wuliu/pipelines.py:79: Warning: Data truncated for column 'addr' at row 1
  tx.execute(sql)
/home/warlock/56wlk/wuliu/wuliu/pipelines.py:79: Warning: Data truncated for column 'company_name' at row 1
  tx.execute(sql)
/home/warlock/56wlk/wuliu/wuliu/pipelines.py:79: Warning: Data truncated for column 'im' at row 1
  tx.execute(sql)
