2013-03-02 23:53:36+0800 [scrapy] INFO: Scrapy 0.16.4 started (bot: wuliu)
2013-03-02 23:53:42+0800 [56json] INFO: Spider opened
2013-03-02 23:53:42+0800 [56json] INFO: Crawled 0 pages (at 0 pages/min), scraped 0 items (at 0 items/min)
2013-03-02 23:53:45+0800 [56json] ERROR: Spider error processing <GET http://42.121.78.164/AppServer/InfoPrepare.php?latest=0&pageSize=100&page=1&maxdate=55579824>
	Traceback (most recent call last):
	  File "/usr/lib/python2.6/site-packages/Twisted-12.3.0-py2.6-linux-x86_64.egg/twisted/internet/base.py", line 1182, in mainLoop
	    self.runUntilCurrent()
	  File "/usr/lib/python2.6/site-packages/Twisted-12.3.0-py2.6-linux-x86_64.egg/twisted/internet/base.py", line 805, in runUntilCurrent
	    call.func(*call.args, **call.kw)
	  File "/usr/lib/python2.6/site-packages/Twisted-12.3.0-py2.6-linux-x86_64.egg/twisted/internet/defer.py", line 381, in callback
	    self._startRunCallbacks(result)
	  File "/usr/lib/python2.6/site-packages/Twisted-12.3.0-py2.6-linux-x86_64.egg/twisted/internet/defer.py", line 489, in _startRunCallbacks
	    self._runCallbacks()
	--- <exception caught here> ---
	  File "/usr/lib/python2.6/site-packages/Twisted-12.3.0-py2.6-linux-x86_64.egg/twisted/internet/defer.py", line 576, in _runCallbacks
	    current.result = callback(current.result, *args, **kw)
	  File "/home/cloud/56json/wuliu/wuliu/spiders/56json.py", line 37, in parse
	    line = open("~/56json/wuliu/wuliu/time.record", "w+")
	exceptions.IOError: [Errno 2] No such file or directory: '~/56json/wuliu/wuliu/time.record'
	
2013-03-02 23:53:45+0800 [56json] INFO: Closing spider (finished)
2013-03-02 23:53:45+0800 [56json] INFO: Dumping Scrapy stats:
	{'downloader/request_bytes': 261,
	 'downloader/request_count': 1,
	 'downloader/request_method_count/GET': 1,
	 'downloader/response_bytes': 54848,
	 'downloader/response_count': 1,
	 'downloader/response_status_count/200': 1,
	 'finish_reason': 'finished',
	 'finish_time': datetime.datetime(2013, 3, 2, 15, 53, 45, 483701),
	 'log_count/ERROR': 1,
	 'log_count/INFO': 4,
	 'response_received_count': 1,
	 'scheduler/dequeued': 1,
	 'scheduler/dequeued/memory': 1,
	 'scheduler/enqueued': 1,
	 'scheduler/enqueued/memory': 1,
	 'spider_exceptions/IOError': 1,
	 'start_time': datetime.datetime(2013, 3, 2, 15, 53, 42, 91557)}
2013-03-02 23:53:45+0800 [56json] INFO: Spider closed (finished)
