/home/cloud/wuliu/wuliu/pipelines.py:79: Warning: Data truncated for column 'addr' at row 1
  tx.execute(sql)
/home/cloud/wuliu/wuliu/pipelines.py:79: Warning: Data truncated for column 'remark' at row 1
  tx.execute(sql)
/home/cloud/wuliu/wuliu/pipelines.py:79: Warning: Data truncated for column 'phone_contact' at row 1
  tx.execute(sql)
/home/cloud/wuliu/wuliu/pipelines.py:79: Warning: Data truncated for column 'contact_name' at row 1
  tx.execute(sql)
/home/cloud/wuliu/wuliu/pipelines.py:79: Warning: Data truncated for column 'tel' at row 1
  tx.execute(sql)
/home/cloud/wuliu/wuliu/pipelines.py:79: Warning: Data truncated for column 'price' at row 1
  tx.execute(sql)
/home/cloud/wuliu/wuliu/pipelines.py:79: Warning: Data truncated for column 'phone_contact' at row 1
  tx.execute(sql)
/home/cloud/wuliu/wuliu/pipelines.py:79: Warning: Data truncated for column 'tel' at row 1
  tx.execute(sql)
/home/cloud/wuliu/wuliu/pipelines.py:79: Warning: Data truncated for column 'addr' at row 1
  tx.execute(sql)
/home/cloud/wuliu/wuliu/pipelines.py:79: Warning: Data truncated for column 'contact_name' at row 1
  tx.execute(sql)
/home/cloud/wuliu/wuliu/pipelines.py:79: Warning: Data truncated for column 'company_name' at row 1
  tx.execute(sql)
/home/cloud/wuliu/wuliu/pipelines.py:79: Warning: Data truncated for column 'im' at row 1
  tx.execute(sql)
/home/cloud/wuliu/wuliu/pipelines.py:79: Warning: Data truncated for column 'remark' at row 1
  tx.execute(sql)
/home/cloud/wuliu/wuliu/pipelines.py:79: Warning: Data truncated for column 'remark' at row 1
  tx.execute(sql)
/home/cloud/wuliu/wuliu/pipelines.py:79: Warning: Data truncated for column 'addr' at row 1
  tx.execute(sql)
/home/cloud/wuliu/wuliu/pipelines.py:79: Warning: Data truncated for column 'phone_contact' at row 1
  tx.execute(sql)
/home/cloud/wuliu/wuliu/pipelines.py:79: Warning: Data truncated for column 'contact_name' at row 1
  tx.execute(sql)
/home/cloud/wuliu/wuliu/pipelines.py:79: Warning: Data truncated for column 'tel' at row 1
  tx.execute(sql)
/home/cloud/wuliu/wuliu/pipelines.py:79: Warning: Data truncated for column 'remark' at row 1
  tx.execute(sql)
/home/cloud/wuliu/wuliu/pipelines.py:79: Warning: Data truncated for column 'addr' at row 1
  tx.execute(sql)
/home/cloud/wuliu/wuliu/pipelines.py:79: Warning: Data truncated for column 'phone_contact' at row 1
  tx.execute(sql)
/home/cloud/wuliu/wuliu/pipelines.py:79: Warning: Data truncated for column 'contact_name' at row 1
  tx.execute(sql)
/home/cloud/wuliu/wuliu/pipelines.py:79: Warning: Data truncated for column 'tel' at row 1
  tx.execute(sql)
/home/cloud/wuliu/wuliu/pipelines.py:79: Warning: Data truncated for column 'contact_name' at row 1
  tx.execute(sql)
/home/cloud/wuliu/wuliu/pipelines.py:79: Warning: Data truncated for column 'load' at row 1
  tx.execute(sql)
/home/cloud/wuliu/wuliu/pipelines.py:79: Warning: Data truncated for column 'truck_long' at row 1
  tx.execute(sql)
/home/cloud/wuliu/wuliu/pipelines.py:79: Warning: Data truncated for column 'license_plate' at row 1
  tx.execute(sql)
/home/cloud/wuliu/wuliu/pipelines.py:79: Warning: Data truncated for column 'addr' at row 1
  tx.execute(sql)
/home/cloud/wuliu/wuliu/pipelines.py:79: Warning: Data truncated for column 'tel' at row 1
  tx.execute(sql)
/home/cloud/wuliu/wuliu/pipelines.py:79: Warning: Data truncated for column 'contact_name' at row 1
  tx.execute(sql)
/home/cloud/wuliu/wuliu/pipelines.py:79: Warning: Data truncated for column 'phone_contact' at row 1
  tx.execute(sql)
